<?xml version="1.0" encoding="UTF-8"?>
<!-- Generated by org.testng.reporters.JUnitReportReporter -->
<testsuite hostname="DESKTOP-3HMNV2I" failures="0" tests="1" name="org.testing.rest.nonBDD.GetAllStudents" time="6.134" errors="0" timestamp="2023-07-04T23:29:10 GMT-05:00" skipped="0">
  <testcase classname="org.testing.rest.nonBDD.GetAllStudents" name="getAllStudents" time="6.134"/>
  <system-out/>
</testsuite> <!-- org.testing.rest.nonBDD.GetAllStudents -->
