<?xml version="1.0" encoding="UTF-8"?>
<!-- Generated by org.testng.reporters.JUnitReportReporter -->
<testsuite hostname="DESKTOP-3HMNV2I" failures="0" tests="1" name="org.testing.rest.BDD.CreateStudentComplexJsonLibrary" time="3.151" errors="0" timestamp="2023-07-05T17:27:49 GMT-05:00" skipped="0">
  <testcase classname="org.testing.rest.BDD.CreateStudentComplexJsonLibrary" name="createStudent2" time="3.151"/>
  <system-out/>
</testsuite> <!-- org.testing.rest.BDD.CreateStudentComplexJsonLibrary -->
