<?xml version="1.0" encoding="UTF-8"?>
<!-- Generated by org.testng.reporters.JUnitReportReporter -->
<testsuite hostname="DESKTOP-3HMNV2I" failures="0" tests="1" name="org.testing.rest.nonBDD.DeleteStudent" time="1.967" errors="0" timestamp="2023-07-05T13:03:56 GMT-05:00" skipped="0">
  <testcase classname="org.testing.rest.nonBDD.DeleteStudent" name="deleteStudent" time="1.967"/>
  <system-out/>
</testsuite> <!-- org.testing.rest.nonBDD.DeleteStudent -->
