<?xml version="1.0" encoding="UTF-8"?>
<!-- Generated by org.testng.reporters.JUnitReportReporter -->
<testsuite hostname="DESKTOP-3HMNV2I" failures="0" tests="1" name="org.testing.rest.nonBDD.PostStudent" time="2.191" errors="0" timestamp="2023-07-04T23:03:55 GMT-05:00" skipped="0">
  <testcase classname="org.testing.rest.nonBDD.PostStudent" name="postStudentDetails" time="2.191"/>
  <system-out/>
</testsuite> <!-- org.testing.rest.nonBDD.PostStudent -->
