<?xml version="1.0" encoding="UTF-8"?>
<!-- Generated by org.testng.reporters.JUnitReportReporter -->
<testsuite hostname="DESKTOP-3HMNV2I" failures="0" tests="2" name="org.testing.rest.BDD.CreateStudentComplexJSONFile" time="2.098" errors="0" timestamp="2023-07-05T18:54:14 GMT-05:00" skipped="0">
  <testcase classname="org.testing.rest.BDD.CreateStudentComplexJSONFile" name="createStudent5" time="2.042"/>
  <system-out/>
  <testcase classname="org.testing.rest.BDD.CreateStudentComplexJSONFile" name="createTeacherArray" time="0.056"/>
  <system-out/>
</testsuite> <!-- org.testing.rest.BDD.CreateStudentComplexJSONFile -->
