<?xml version="1.0" encoding="UTF-8"?>
<!-- Generated by org.testng.reporters.JUnitReportReporter -->
<testsuite hostname="DESKTOP-3HMNV2I" failures="0" tests="1" name="org.testing.rest.BDD.CreateTeacherArrayJsonLibrary" time="2.499" errors="0" timestamp="2023-07-05T17:55:05 GMT-05:00" skipped="0">
  <testcase classname="org.testing.rest.BDD.CreateTeacherArrayJsonLibrary" name="createTeacher1" time="2.499"/>
  <system-out/>
</testsuite> <!-- org.testing.rest.BDD.CreateTeacherArrayJsonLibrary -->
