<?xml version="1.0" encoding="UTF-8"?>
<!-- Generated by org.testng.reporters.JUnitReportReporter -->
<testsuite hostname="DESKTOP-3HMNV2I" failures="0" tests="1" name="org.testing.rest.BDD.CreateStudentComplexPojo" time="2.502" errors="0" timestamp="2023-07-05T19:57:35 GMT-05:00" skipped="0">
  <testcase classname="org.testing.rest.BDD.CreateStudentComplexPojo" name="createStudentCompPojo" time="2.502"/>
  <system-out/>
</testsuite> <!-- org.testing.rest.BDD.CreateStudentComplexPojo -->
