<?xml version="1.0" encoding="UTF-8"?>
<!-- Generated by org.testng.reporters.JUnitReportReporter -->
<testsuite hostname="DESKTOP-3HMNV2I" failures="0" tests="1" name="org.testing.rest.BDD.CreateStudentSimpleJsonlibrary" time="3.389" errors="0" timestamp="2023-07-05T15:30:03 GMT-05:00" skipped="0">
  <testcase classname="org.testing.rest.BDD.CreateStudentSimpleJsonlibrary" name="createStudent1" time="3.389"/>
  <system-out/>
</testsuite> <!-- org.testing.rest.BDD.CreateStudentSimpleJsonlibrary -->
