<?xml version="1.0" encoding="UTF-8"?>
<!-- Generated by org.testng.reporters.JUnitReportReporter -->
<testsuite hostname="DESKTOP-3HMNV2I" failures="0" tests="1" name="org.testing.rest.BDD.DeleteStudent" time="1.936" errors="0" timestamp="2023-07-07T21:08:44 GMT-05:00" skipped="0">
  <testcase classname="org.testing.rest.BDD.DeleteStudent" name="deleteStudent" time="1.936"/>
  <system-out/>
</testsuite> <!-- org.testing.rest.BDD.DeleteStudent -->
