<?xml version="1.0" encoding="UTF-8"?>
<!-- Generated by org.testng.reporters.JUnitReportReporter -->
<testsuite hostname="DESKTOP-3HMNV2I" failures="0" tests="1" name="org.testing.rest.BDD.AddTeacherComplexJsonDynamic" time="9.594" errors="0" timestamp="2023-07-05T23:01:49 GMT-05:00" skipped="0">
  <testcase classname="org.testing.rest.BDD.AddTeacherComplexJsonDynamic" name="addT" time="9.594"/>
  <system-out/>
</testsuite> <!-- org.testing.rest.BDD.AddTeacherComplexJsonDynamic -->
