<?xml version="1.0" encoding="UTF-8"?>
<!-- Generated by org.testng.reporters.JUnitReportReporter -->
<testsuite hostname="DESKTOP-3HMNV2I" failures="0" tests="1" name="org.testing.rest.BDD.CreateStudentUsingJsonExtFile" time="2.452" errors="0" timestamp="2023-07-05T18:05:04 GMT-05:00" skipped="0">
  <testcase classname="org.testing.rest.BDD.CreateStudentUsingJsonExtFile" name="createStudentExt" time="2.452"/>
  <system-out/>
</testsuite> <!-- org.testing.rest.BDD.CreateStudentUsingJsonExtFile -->
