<?xml version="1.0" encoding="UTF-8"?>
<!-- Generated by org.testng.reporters.JUnitReportReporter -->
<testsuite hostname="DESKTOP-3HMNV2I" failures="0" tests="2" name="org.testing.rest.BDD.GetAllValueinObject" time="2.943" errors="0" timestamp="2023-07-07T21:37:59 GMT-05:00" skipped="0">
  <testcase classname="org.testing.rest.BDD.GetAllValueinObject" name="getall" time="2.857"/>
  <system-out/>
  <testcase classname="org.testing.rest.BDD.GetAllValueinObject" name="getallDetailsinJSONfile" time="0.086"/>
  <system-out/>
</testsuite> <!-- org.testing.rest.BDD.GetAllValueinObject -->
