<?xml version="1.0" encoding="UTF-8"?>
<!-- Generated by org.testng.reporters.JUnitReportReporter -->
<testsuite hostname="DESKTOP-3HMNV2I" failures="0" tests="3" name="org.testing.rest.BDD.ParsingUsingJsonLibrary" time="2.353" errors="0" timestamp="2023-07-07T20:39:50 GMT-05:00" skipped="0">
  <testcase classname="org.testing.rest.BDD.ParsingUsingJsonLibrary" name="parsingArrayJSON" time="2.232"/>
  <system-out/>
  <testcase classname="org.testing.rest.BDD.ParsingUsingJsonLibrary" name="parsingSimpleJSON" time="0.060"/>
  <system-out/>
  <testcase classname="org.testing.rest.BDD.ParsingUsingJsonLibrary" name="parsingComplexJSON" time="0.061"/>
  <system-out/>
</testsuite> <!-- org.testing.rest.BDD.ParsingUsingJsonLibrary -->
