<?xml version="1.0" encoding="UTF-8"?>
<!-- Generated by org.testng.reporters.JUnitReportReporter -->
<testsuite hostname="DESKTOP-3HMNV2I" failures="0" tests="3" name="org.testing.rest.BDD.ParsingUsingJsonPath" time="4.865" errors="0" timestamp="2023-07-07T18:33:13 GMT-05:00" skipped="0">
  <testcase classname="org.testing.rest.BDD.ParsingUsingJsonPath" name="parseJsonPath" time="0.085"/>
  <system-out/>
  <testcase classname="org.testing.rest.BDD.ParsingUsingJsonPath" name="parseComplexJson" time="0.129"/>
  <system-out/>
  <testcase classname="org.testing.rest.BDD.ParsingUsingJsonPath" name="parseArrayJson" time="4.651"/>
  <system-out/>
</testsuite> <!-- org.testing.rest.BDD.ParsingUsingJsonPath -->
