<?xml version="1.0" encoding="UTF-8"?>
<!-- Generated by org.testng.reporters.JUnitReportReporter -->
<testsuite hostname="DESKTOP-3HMNV2I" failures="0" tests="1" name="org.testing.rest.nonBDD.GetSingleStudents" time="7.185" errors="0" timestamp="2023-07-05T12:42:54 GMT-05:00" skipped="0">
  <testcase classname="org.testing.rest.nonBDD.GetSingleStudents" name="getAllStudents" time="7.185"/>
  <system-out/>
</testsuite> <!-- org.testing.rest.nonBDD.GetSingleStudents -->
