<?xml version="1.0" encoding="UTF-8"?>
<!-- Generated by org.testng.reporters.JUnitReportReporter -->
<testsuite hostname="DESKTOP-3HMNV2I" failures="0" tests="1" name="org.testing.rest.BDD.getAllValuesOfKeyname" time="2.120" errors="0" timestamp="2023-07-07T21:19:45 GMT-05:00" skipped="0">
  <testcase classname="org.testing.rest.BDD.getAllValuesOfKeyname" name="getAllValuesofKeyname" time="2.120"/>
  <system-out/>
</testsuite> <!-- org.testing.rest.BDD.getAllValuesOfKeyname -->
