<?xml version="1.0" encoding="UTF-8"?>
<!-- Generated by org.testng.reporters.JUnitReportReporter -->
<testsuite hostname="DESKTOP-3HMNV2I" failures="0" tests="1" name="org.testing.rest.nonBDD.UpdateUsingPUT" time="2.431" errors="0" timestamp="2023-07-05T12:25:25 GMT-05:00" skipped="0">
  <testcase classname="org.testing.rest.nonBDD.UpdateUsingPUT" name="updateRecordCompleteBody" time="2.431"/>
  <system-out/>
</testsuite> <!-- org.testing.rest.nonBDD.UpdateUsingPUT -->
