<?xml version="1.0" encoding="UTF-8"?>
<!-- Generated by org.testng.reporters.JUnitReportReporter -->
<testsuite hostname="DESKTOP-3HMNV2I" failures="0" tests="1" name="org.testing.rest.BDD.CreateTeacherArrayPojo" time="2.717" errors="0" timestamp="2023-07-05T22:23:33 GMT-05:00" skipped="0">
  <testcase classname="org.testing.rest.BDD.CreateTeacherArrayPojo" name="createTeacherByPojoArray" time="2.717"/>
  <system-out/>
</testsuite> <!-- org.testing.rest.BDD.CreateTeacherArrayPojo -->
