<?xml version="1.0" encoding="UTF-8"?>
<!-- Generated by org.testng.reporters.JUnitReportReporter -->
<testsuite hostname="DESKTOP-3HMNV2I" failures="0" tests="1" name="org.testing.rest.BDD.CreateStudentUsingSimplePojo" time="2.572" errors="0" timestamp="2023-07-05T19:44:48 GMT-05:00" skipped="0">
  <testcase classname="org.testing.rest.BDD.CreateStudentUsingSimplePojo" name="createStuSimplePojo" time="2.572"/>
  <system-out/>
</testsuite> <!-- org.testing.rest.BDD.CreateStudentUsingSimplePojo -->
